TN:
SF:payment-gateway.js
DA:1,1
DA:2,1
DA:5,1
DA:6,1
DA:12,1
DA:13,0
DA:14,0
DA:19,0
DA:20,0
DA:22,0
LF:20
LH:5
end_of_record
TN:
SF:middleware.js
DA:1,1
DA:2,0
DA:5,0
DA:6,0
DA:7,0
DA:10,0
DA:14,0
DA:18,0
DA:22,0
DA:26,0
DA:30,0
DA:38,0
DA:39,0
DA:40,0
DA:41,0
DA:43,0
DA:45,0
DA:47,0
DA:49,0
DA:51,0
DA:53,0
DA:55,0
DA:80,0
DA:90,0
DA:95,0
DA:100,0
DA:110,0
DA:115,0
DA:120,0
DA:125,0
LF:30
LH:1
end_of_record
TN:
SF:app.js
DA:1,1
DA:2,1
DA:3,1
DA:7,1
DA:11,1
DA:16,0
DA:18,0
DA:24,0
DA:28,0
DA:30,0
DA:33,0
DA:34,0
DA:35,0
DA:36,0
DA:37,0
LF:15
LH:5
end_of_record
